<?xml version="1.0" encoding="UTF-8"?>
<testng-results ignored="0" total="1" passed="1" failed="0" skipped="0">
  <reporter-output>
  </reporter-output>
  <suite started-at="2025-07-13T10:57:42 IST" name="Default suite" finished-at="2025-07-13T10:57:56 IST" duration-ms="13992">
    <groups>
    </groups>
    <test started-at="2025-07-13T10:57:42 IST" name="Default test" finished-at="2025-07-13T10:57:56 IST" duration-ms="13992">
      <class name="com.examples.Explicit_wait">
        <test-method signature="explicitWait()[pri:0, instance:com.examples.Explicit_wait@7b98f307]" started-at="2025-07-13T10:57:43 IST" name="explicitWait" finished-at="2025-07-13T10:57:56 IST" duration-ms="13782" status="PASS">
          <reporter-output>
          </reporter-output>
        </test-method> <!-- explicitWait -->
        <test-method is-config="true" signature="teardown()[pri:0, instance:com.examples.Explicit_wait@7b98f307]" started-at="2025-07-13T10:57:56 IST" name="teardown" finished-at="2025-07-13T10:57:56 IST" duration-ms="147" status="PASS">
          <reporter-output>
          </reporter-output>
        </test-method> <!-- teardown -->
      </class> <!-- com.examples.Explicit_wait -->
    </test> <!-- Default test -->
  </suite> <!-- Default suite -->
</testng-results>
